<?xml version="1.0" encoding="UTF-8"?>
<!-- Generated by org.testng.reporters.JUnitReportReporter -->
<testsuite hostname="EIS-HYD-8RFSQ93" name="WallStreetJournal.Articles.WSJBusinessFinance" tests="1" failures="0" timestamp="30 Jan 2023 04:29:53 GMT" time="28.110" errors="0">
  <testcase name="bfa" time="28.110" classname="WallStreetJournal.Articles.WSJBusinessFinance"/>
</testsuite> <!-- WallStreetJournal.Articles.WSJBusinessFinance -->
