<?xml version="1.0" encoding="UTF-8"?>
<!-- Generated by org.testng.reporters.JUnitReportReporter -->
<testsuite hostname="EIS-HYD-8RFSQ93" name="WallStreetJournal.Articles.WSJLifeArts" tests="1" failures="0" timestamp="30 Jan 2023 04:29:53 GMT" time="22.389" errors="0">
  <testcase name="laa" time="22.389" classname="WallStreetJournal.Articles.WSJLifeArts"/>
</testsuite> <!-- WallStreetJournal.Articles.WSJLifeArts -->
