<?xml version="1.0" encoding="UTF-8"?>
<!-- Generated by org.testng.reporters.JUnitReportReporter -->
<testsuite hostname="EIS-HYD-8RFSQ93" failures="0" tests="2" name="WallStreetJournal.Articles.descriptionInfo" time="17.055" errors="0" timestamp="6 Mar 2023 17:07:45 GMT">
  <testcase classname="WallStreetJournal.Articles.descriptionInfo" name="configDetails" time="3.761"/>
  <testcase classname="WallStreetJournal.Articles.descriptionInfo" name="meth" time="13.294"/>
</testsuite> <!-- WallStreetJournal.Articles.descriptionInfo -->
