<?xml version="1.0" encoding="UTF-8"?>
<!-- Generated by org.testng.reporters.JUnitReportReporter -->
<testsuite hostname="EIS-HYD-8RFSQ93" failures="0" tests="3" name="WallStreetJournal.Articles.wallStreet" time="32.421" errors="0" timestamp="6 Mar 2023 16:42:10 GMT">
  <testcase classname="WallStreetJournal.Articles.wallStreet" name="meth3" time="3.792"/>
  <testcase classname="WallStreetJournal.Articles.wallStreet" name="meth" time="12.793"/>
  <testcase classname="WallStreetJournal.Articles.wallStreet" name="wsa" time="15.836"/>
</testsuite> <!-- WallStreetJournal.Articles.wallStreet -->
