<?xml version="1.0" encoding="UTF-8"?>
<!-- Generated by org.testng.reporters.JUnitReportReporter -->
<testsuite hostname="EIS-HYD-8RFSQ93" name="WallStreetJournal.Articles.WSJOpinion" tests="1" failures="0" timestamp="6 Mar 2023 17:33:43 GMT" time="17.116" errors="0">
  <testcase name="oa" time="17.116" classname="WallStreetJournal.Articles.WSJOpinion"/>
</testsuite> <!-- WallStreetJournal.Articles.WSJOpinion -->
