<?xml version="1.0" encoding="UTF-8"?>
<!-- Generated by org.testng.reporters.JUnitReportReporter -->
<testsuite hostname="EIS-HYD-8RFSQ93" name="WallStreetJournal.Articles.WSWorldNews" tests="1" failures="0" timestamp="5 Mar 2023 14:35:58 GMT" time="15.549" errors="0">
  <testcase name="wna" time="15.549" classname="WallStreetJournal.Articles.WSWorldNews"/>
</testsuite> <!-- WallStreetJournal.Articles.WSWorldNews -->
