<?xml version="1.0" encoding="UTF-8"?>
<!-- Generated by org.testng.reporters.JUnitReportReporter -->
<testsuite hostname="EIS-HYD-8RFSQ93" name="WallStreetJournal.Articles.WSJLifeArts" tests="1" failures="0" timestamp="6 Mar 2023 17:33:43 GMT" time="17.150" errors="0">
  <testcase name="laa" time="17.150" classname="WallStreetJournal.Articles.WSJLifeArts"/>
</testsuite> <!-- WallStreetJournal.Articles.WSJLifeArts -->
