<?xml version="1.0" encoding="UTF-8"?>
<!-- Generated by org.testng.reporters.JUnitReportReporter -->
<testsuite hostname="EIS-HYD-8RFSQ93" name="WallStreetJournal.Articles.wallStreet" tests="1" failures="0" timestamp="6 Mar 2023 17:33:43 GMT" time="17.541" errors="0">
  <testcase name="wsa" time="17.541" classname="WallStreetJournal.Articles.wallStreet"/>
</testsuite> <!-- WallStreetJournal.Articles.wallStreet -->
