<?xml version="1.0" encoding="UTF-8"?>
<!-- Generated by org.testng.reporters.JUnitReportReporter -->
<testsuite hostname="EIS-HYD-8RFSQ93" name="WallStreetJournal.Articles.WSWorldNews" tests="1" failures="0" timestamp="30 Jan 2023 04:29:53 GMT" time="19.778" errors="0">
  <testcase name="wna" time="19.778" classname="WallStreetJournal.Articles.WSWorldNews"/>
</testsuite> <!-- WallStreetJournal.Articles.WSWorldNews -->
