<?xml version="1.0" encoding="UTF-8"?>
<!-- Generated by org.testng.reporters.JUnitReportReporter -->
<testsuite hostname="EIS-HYD-8RFSQ93" name="WallStreetJournal.Articles.WSJBusinessFinance" tests="1" failures="0" timestamp="5 Mar 2023 14:35:58 GMT" time="16.397" errors="0">
  <testcase name="bfa" time="16.397" classname="WallStreetJournal.Articles.WSJBusinessFinance"/>
</testsuite> <!-- WallStreetJournal.Articles.WSJBusinessFinance -->
