<?xml version="1.0" encoding="UTF-8"?>
<!-- Generated by org.testng.reporters.JUnitReportReporter -->
<testsuite hostname="EIS-HYD-8RFSQ93" name="WallStreetJournal.Articles.WSJOpinion" tests="1" failures="0" timestamp="5 Mar 2023 14:35:59 GMT" time="15.249" errors="0">
  <testcase name="oa" time="15.249" classname="WallStreetJournal.Articles.WSJOpinion"/>
</testsuite> <!-- WallStreetJournal.Articles.WSJOpinion -->
