<?xml version="1.0" encoding="UTF-8"?>
<!-- Generated by org.testng.reporters.JUnitReportReporter -->
<testsuite hostname="EIS-HYD-8RFSQ93" name="WallStreetJournal.Articles.WSJOpinion" tests="1" failures="0" timestamp="30 Jan 2023 04:29:53 GMT" time="18.336" errors="0">
  <testcase name="oa" time="18.336" classname="WallStreetJournal.Articles.WSJOpinion"/>
</testsuite> <!-- WallStreetJournal.Articles.WSJOpinion -->
