<?xml version="1.0" encoding="UTF-8"?>
<!-- Generated by org.testng.reporters.JUnitReportReporter -->
<testsuite hostname="EIS-HYD-8RFSQ93" name="WallStreetJournal.Articles.WSJLifeArts" tests="1" failures="0" timestamp="5 Mar 2023 14:35:59 GMT" time="14.381" errors="0">
  <testcase name="laa" time="14.381" classname="WallStreetJournal.Articles.WSJLifeArts"/>
</testsuite> <!-- WallStreetJournal.Articles.WSJLifeArts -->
